<?xml version="1.0" encoding="UTF-8"?>
<!-- Generated by org.testng.reporters.JUnitReportReporter -->
<testsuite skipped="0" hostname="TC-OLD-LT-54" name="understandtestng1" tests="1" failures="0" timestamp="06 May 2020 01:17:14 GMT" time="0.019" errors="0">
  <testcase name="testng" time="0.019" classname="understandtestng1"/>
</testsuite> <!-- understandtestng1 -->
